captured_at_utc: 2026-07-13T16:35:19.4047380Z
hostname: LAPTOP-BS3Q1TRO
powershell: 5.1.22621.6133
uv: uv 0.11.21 (5aa65dd7a 2026-06-11 x86_64-pc-windows-msvc)
git: git version 2.51.0.windows.1
os_caption: Microsoft Windows 11 家庭中文版
os_version: 10.0.22631
os_architecture: 64 位
cpu: 13th Gen Intel(R) Core(TM) i9-13900H
memory_bytes: 33968361472

[project_environment_summary]
python: 3.12.13
platform: Windows-11-10.0.22631-SP0
torch: 2.9.0+cu128
transformers: 4.57.1
cuda_runtime: 12.8
cuda_available: True
gpu: NVIDIA GeForce RTX 4060 Laptop GPU
project_environment_exit_code: 0

[nvidia_smi]
NVIDIA GeForce RTX 4060 Laptop GPU, 596.49, 8188 MiB, 8.9
nvidia_smi_exit_code: 0
